{"time": "2026-02-15 21:12:17,930", "level": "INFO", "logger": "audit", "message": "close_job", "user": "jordan", "action": "close_job", "details": {"cad": 41}}
{"time": "2026-02-15 23:00:09,288", "level": "INFO", "logger": "audit", "message": "force_job_status", "user": "jordan", "action": "force_job_status", "details": {"cad": 38, "status": "assigned", "reason": "jsdjsd"}}
{"time": "2026-02-15 23:00:27,765", "level": "INFO", "logger": "audit", "message": "force_job_status", "user": "jordan", "action": "force_job_status", "details": {"cad": 38, "status": "mobile", "reason": "dd"}}
{"time": "2026-02-15 23:03:07,975", "level": "INFO", "logger": "audit", "message": "force_job_status", "user": "jordan", "action": "force_job_status", "details": {"cad": 38, "status": "on_scene", "reason": "ss"}}
{"time": "2026-02-15 23:03:20,808", "level": "INFO", "logger": "audit", "message": "force_job_status", "user": "jordan", "action": "force_job_status", "details": {"cad": 25, "status": "cleared", "reason": "Unspecified"}}
{"time": "2026-02-15 23:11:02,141", "level": "INFO", "logger": "audit", "message": "force_job_status", "user": "jordan", "action": "force_job_status", "details": {"cad": 35, "status": "cleared", "reason": "Unspecified"}}
{"time": "2026-02-15 23:11:16,566", "level": "INFO", "logger": "audit", "message": "force_job_status", "user": "jordan", "action": "force_job_status", "details": {"cad": 38, "status": "cleared", "reason": "Unspecified"}}
{"time": "2026-02-15 23:11:36,020", "level": "INFO", "logger": "audit", "message": "force_job_status", "user": "jordan", "action": "force_job_status", "details": {"cad": 26, "status": "queued", "reason": "Unspecified"}}
{"time": "2026-02-16 20:43:35,545", "level": "INFO", "logger": "audit", "message": "triage_create", "user": "jordan", "action": "triage_create", "details": {"cad": 42}}
{"time": "2026-02-16 20:43:54,589", "level": "INFO", "logger": "audit", "message": "job_details_update", "user": "jordan", "action": "job_details_update", "details": {"cad": 42, "fields": ["reason_for_call", "additional_details", "incident_update"]}}
{"time": "2026-02-16 21:46:44,739", "level": "INFO", "logger": "audit", "message": "triage_create", "user": "jordan", "action": "triage_create", "details": {"cad": 43}}
{"time": "2026-02-16 21:47:38,876", "level": "INFO", "logger": "audit", "message": "job_details_update", "user": "jordan", "action": "job_details_update", "details": {"cad": 43, "fields": ["reason_for_call", "address", "postcode", "what3words", "additional_details", "call_priority", "priority_source"]}}
{"time": "2026-02-16 21:51:01,873", "level": "INFO", "logger": "audit", "message": "job_details_update", "user": "jordan", "action": "job_details_update", "details": {"cad": 43, "fields": ["reason_for_call", "address", "postcode", "what3words", "additional_details", "call_priority", "priority_source"]}}
{"time": "2026-02-16 22:00:25,534", "level": "INFO", "logger": "audit", "message": "job_details_update", "user": "jordan", "action": "job_details_update", "details": {"cad": 43, "fields": ["reason_for_call", "address", "postcode", "what3words", "additional_details", "call_priority", "priority_source"]}}
{"time": "2026-02-16 22:10:28,326", "level": "INFO", "logger": "audit", "message": "job_details_update", "user": "jordan", "action": "job_details_update", "details": {"cad": 43, "fields": ["reason_for_call", "address", "postcode", "what3words", "additional_details", "call_priority", "priority_source"]}}
{"time": "2026-02-16 22:17:23,834", "level": "INFO", "logger": "audit", "message": "job_details_update", "user": "jordan", "action": "job_details_update", "details": {"cad": 43, "fields": ["reason_for_call", "address", "postcode", "what3words", "additional_details", "call_priority", "priority_source"]}}
{"time": "2026-02-16 22:19:22,151", "level": "INFO", "logger": "audit", "message": "job_details_update", "user": "jordan", "action": "job_details_update", "details": {"cad": 43, "fields": ["reason_for_call", "address", "postcode", "what3words", "additional_details", "call_priority", "priority_source"]}}
{"time": "2026-02-16 22:19:55,678", "level": "INFO", "logger": "audit", "message": "job_details_update", "user": "jordan", "action": "job_details_update", "details": {"cad": 43, "fields": ["reason_for_call", "address", "postcode", "what3words", "additional_details", "call_priority", "priority_source"]}}
{"time": "2026-02-17 18:32:20,173", "level": "INFO", "logger": "audit", "message": "force_job_status", "user": "jordan", "action": "force_job_status", "details": {"cad": 43, "status": "cleared", "reason": "Unspecified"}}
{"time": "2026-02-17 21:23:19,112", "level": "INFO", "logger": "audit", "message": "assign_job", "user": "jordan", "action": "assign_job", "details": {"cad": 42, "to": ["test"], "missing": []}}
{"time": "2026-02-17 21:35:56,201", "level": "INFO", "logger": "audit", "message": "assign_job", "user": "jordan", "action": "assign_job", "details": {"cad": 34, "to": ["test"], "missing": []}}
{"time": "2026-02-17 21:37:37,961", "level": "INFO", "logger": "audit", "message": "assign_job", "user": "jordan", "action": "assign_job", "details": {"cad": 33, "to": ["test"], "missing": []}}
{"time": "2026-02-17 21:38:19,571", "level": "INFO", "logger": "audit", "message": "post_message", "user": "jordan", "action": "post_message", "details": {"to": "test", "len": 4}}
{"time": "2026-02-17 21:39:02,004", "level": "INFO", "logger": "audit", "message": "assign_job", "user": "jordan", "action": "assign_job", "details": {"cad": 32, "to": ["test"], "missing": []}}
{"time": "2026-02-17 21:40:08,056", "level": "INFO", "logger": "audit", "message": "assign_job", "user": "jordan", "action": "assign_job", "details": {"cad": 31, "to": ["test"], "missing": []}}
{"time": "2026-02-17 21:40:45,521", "level": "INFO", "logger": "audit", "message": "assign_job", "user": "jordan", "action": "assign_job", "details": {"cad": 31, "to": ["test"], "missing": []}}
{"time": "2026-02-17 21:41:20,444", "level": "INFO", "logger": "audit", "message": "assign_job", "user": "jordan", "action": "assign_job", "details": {"cad": 30, "to": ["test"], "missing": []}}
{"time": "2026-02-17 21:41:44,779", "level": "INFO", "logger": "audit", "message": "assign_job", "user": "jordan", "action": "assign_job", "details": {"cad": 26, "to": ["test"], "missing": []}}
{"time": "2026-02-19 19:00:25,640", "level": "INFO", "logger": "audit", "message": "assign_job", "user": "jordan", "action": "assign_job", "details": {"cad": 31, "to": ["test"], "missing": []}}
{"time": "2026-02-24 23:49:07,422", "level": "INFO", "logger": "audit", "message": "post_message", "user": "jordan", "action": "post_message", "details": {"to": "PA506", "len": 4}}
{"time": "2026-02-24 23:54:52,191", "level": "INFO", "logger": "audit", "message": "post_message", "user": "jordan", "action": "post_message", "details": {"to": "PA506", "len": 5}}
{"time": "2026-02-25 00:04:10,659", "level": "INFO", "logger": "audit", "message": "post_message", "user": "jordan", "action": "post_message", "details": {"to": "PA506", "len": 3}}
{"time": "2026-02-25 00:05:40,100", "level": "INFO", "logger": "audit", "message": "post_message", "user": "jordan", "action": "post_message", "details": {"to": "PA506", "len": 2}}
{"time": "2026-02-25 00:09:23,376", "level": "INFO", "logger": "audit", "message": "post_message", "user": "jordan", "action": "post_message", "details": {"to": "PA506", "len": 3}}
{"time": "2026-02-25 00:34:37,258", "level": "INFO", "logger": "audit", "message": "post_message", "user": "jordan", "action": "post_message", "details": {"to": "PA506", "len": 5}}
{"time": "2026-02-25 00:55:10,178", "level": "INFO", "logger": "audit", "message": "assign_job", "user": "jordan", "action": "assign_job", "details": {"cad": 30, "to": ["PA506"], "missing": []}}
{"time": "2026-02-25 01:00:01,635", "level": "INFO", "logger": "audit", "message": "post_message", "user": "jordan", "action": "post_message", "details": {"to": "PA506", "len": 5}}
{"time": "2026-02-25 01:08:01,809", "level": "INFO", "logger": "audit", "message": "post_message", "user": "jordan", "action": "post_message", "details": {"to": "PA554", "len": 41}}
{"time": "2026-02-25 01:08:08,710", "level": "INFO", "logger": "audit", "message": "post_message", "user": "jordan", "action": "post_message", "details": {"to": "PA554", "len": 6}}
{"time": "2026-02-25 01:08:40,327", "level": "INFO", "logger": "audit", "message": "assign_job", "user": "jordan", "action": "assign_job", "details": {"cad": 30, "to": ["PA554"], "missing": []}}
{"time": "2026-02-25 01:12:00,319", "level": "INFO", "logger": "audit", "message": "assign_job", "user": "jordan", "action": "assign_job", "details": {"cad": 28, "to": ["PA554"], "missing": []}}
{"time": "2026-02-25 01:14:02,308", "level": "INFO", "logger": "audit", "message": "job_details_update", "user": "jordan", "action": "job_details_update", "details": {"cad": 28, "fields": ["reason_for_call", "address", "postcode", "what3words", "additional_details", "call_priority", "priority_source"]}}
{"time": "2026-02-25 01:14:34,461", "level": "INFO", "logger": "audit", "message": "job_details_update", "user": "jordan", "action": "job_details_update", "details": {"cad": 28, "fields": ["reason_for_call", "address", "postcode", "what3words", "additional_details", "call_priority", "priority_source"]}}
{"time": "2026-02-25 01:24:37,665", "level": "INFO", "logger": "audit", "message": "job_details_update", "user": "jordan", "action": "job_details_update", "details": {"cad": 29, "fields": ["reason_for_call", "address", "postcode", "what3words", "additional_details", "call_priority", "priority_source"]}}
{"time": "2026-02-25 01:30:35,145", "level": "INFO", "logger": "audit", "message": "assign_job", "user": "jordan", "action": "assign_job", "details": {"cad": 29, "to": ["PA554"], "missing": []}}
{"time": "2026-02-25 01:32:25,104", "level": "INFO", "logger": "audit", "message": "triage_create", "user": "jordan", "action": "triage_create", "details": {"cad": 44}}
{"time": "2026-02-25 01:32:58,525", "level": "INFO", "logger": "audit", "message": "job_details_update", "user": "jordan", "action": "job_details_update", "details": {"cad": 44, "fields": ["reason_for_call", "address", "postcode", "what3words", "additional_details", "call_priority", "priority_source"]}}
{"time": "2026-02-25 01:33:02,294", "level": "INFO", "logger": "audit", "message": "job_details_update", "user": "jordan", "action": "job_details_update", "details": {"cad": 44, "fields": ["reason_for_call", "address", "postcode", "what3words", "additional_details", "call_priority", "priority_source"]}}
{"time": "2026-02-25 01:34:56,470", "level": "INFO", "logger": "audit", "message": "job_details_update", "user": "jordan", "action": "job_details_update", "details": {"cad": 44, "fields": ["reason_for_call", "address", "postcode", "what3words", "additional_details", "call_priority", "priority_source"]}}
{"time": "2026-02-25 01:35:14,667", "level": "INFO", "logger": "audit", "message": "job_details_update", "user": "jordan", "action": "job_details_update", "details": {"cad": 44, "fields": ["reason_for_call", "address", "postcode", "what3words", "additional_details", "call_priority", "priority_source"]}}
{"time": "2026-02-25 15:35:41,401", "level": "INFO", "logger": "audit", "message": "job_details_update", "user": "jordan", "action": "job_details_update", "details": {"cad": 44, "fields": ["reason_for_call", "address", "postcode", "what3words", "additional_details", "call_priority", "priority_source"]}}
{"time": "2026-02-25 15:35:48,705", "level": "INFO", "logger": "audit", "message": "job_details_update", "user": "jordan", "action": "job_details_update", "details": {"cad": 44, "fields": ["reason_for_call", "address", "postcode", "what3words", "additional_details", "call_priority", "priority_source"]}}
{"time": "2026-02-25 15:35:52,334", "level": "INFO", "logger": "audit", "message": "job_details_update", "user": "jordan", "action": "job_details_update", "details": {"cad": 44, "fields": ["reason_for_call", "address", "postcode", "what3words", "additional_details", "call_priority", "priority_source"]}}
{"time": "2026-02-25 15:36:01,645", "level": "INFO", "logger": "audit", "message": "job_details_update", "user": "jordan", "action": "job_details_update", "details": {"cad": 44, "fields": ["reason_for_call", "address", "postcode", "what3words", "additional_details", "call_priority", "priority_source"]}}
{"time": "2026-02-25 15:36:04,255", "level": "INFO", "logger": "audit", "message": "job_details_update", "user": "jordan", "action": "job_details_update", "details": {"cad": 44, "fields": ["reason_for_call", "address", "postcode", "what3words", "additional_details", "call_priority", "priority_source"]}}
{"time": "2026-02-26 21:02:07,653", "level": "INFO", "logger": "audit", "message": "job_details_update", "user": "jordan", "action": "job_details_update", "details": {"cad": 44, "fields": ["reason_for_call", "address", "postcode", "what3words", "additional_details", "call_priority", "priority_source", "form_answers"]}}
{"time": "2026-02-26 21:03:17,308", "level": "INFO", "logger": "audit", "message": "post_message", "user": "jordan", "action": "post_message", "details": {"to": "PA554", "len": 18}}
{"time": "2026-02-26 21:58:29,948", "level": "INFO", "logger": "audit", "message": "post_message", "user": "jordan", "action": "post_message", "details": {"to": "PA554", "len": 20}}
{"time": "2026-02-26 21:59:00,933", "level": "INFO", "logger": "audit", "message": "post_message", "user": "jordan", "action": "post_message", "details": {"to": "PA554", "from": "Dispatcher (jordan)", "len": 27}}
{"time": "2026-02-26 22:26:06,121", "level": "INFO", "logger": "audit", "message": "post_message", "user": "jordan", "action": "post_message", "details": {"to": "PA554", "from": "Dispatcher (jordan)", "len": 20}}
{"time": "2026-02-26 22:32:20,908", "level": "INFO", "logger": "audit", "message": "post_message", "user": "jordan", "action": "post_message", "details": {"to": "PA554", "from": "Dispatcher (jordan)", "len": 5}}
{"time": "2026-02-26 22:54:48,182", "level": "INFO", "logger": "audit", "message": "job_details_update", "user": "jordan", "action": "job_details_update", "details": {"cad": 44, "fields": ["reason_for_call", "address", "postcode", "what3words", "additional_details", "call_priority", "priority_source", "form_answers"]}}
{"time": "2026-02-26 22:54:54,565", "level": "INFO", "logger": "audit", "message": "job_details_update", "user": "jordan", "action": "job_details_update", "details": {"cad": 44, "fields": ["reason_for_call", "address", "postcode", "what3words", "additional_details", "call_priority", "priority_source", "form_answers"]}}
{"time": "2026-02-26 22:55:01,820", "level": "INFO", "logger": "audit", "message": "job_details_update", "user": "jordan", "action": "job_details_update", "details": {"cad": 44, "fields": ["reason_for_call", "address", "postcode", "what3words", "additional_details", "call_priority", "priority_source", "form_answers"]}}
{"time": "2026-02-26 22:55:02,152", "level": "INFO", "logger": "audit", "message": "job_details_update", "user": "jordan", "action": "job_details_update", "details": {"cad": 44, "fields": ["reason_for_call", "address", "postcode", "what3words", "additional_details", "call_priority", "priority_source", "form_answers"]}}
{"time": "2026-02-26 22:55:08,244", "level": "INFO", "logger": "audit", "message": "job_details_update", "user": "jordan", "action": "job_details_update", "details": {"cad": 44, "fields": ["reason_for_call", "address", "postcode", "what3words", "additional_details", "call_priority", "priority_source", "form_answers"]}}
{"time": "2026-02-26 22:55:08,289", "level": "INFO", "logger": "audit", "message": "job_details_update", "user": "jordan", "action": "job_details_update", "details": {"cad": 44, "fields": ["reason_for_call", "address", "postcode", "what3words", "additional_details", "call_priority", "priority_source", "form_answers"]}}
{"time": "2026-02-26 22:55:17,886", "level": "INFO", "logger": "audit", "message": "job_details_update", "user": "jordan", "action": "job_details_update", "details": {"cad": 44, "fields": ["reason_for_call", "address", "postcode", "what3words", "additional_details", "call_priority", "priority_source", "form_answers"]}}
{"time": "2026-02-26 22:55:30,061", "level": "INFO", "logger": "audit", "message": "job_details_update", "user": "jordan", "action": "job_details_update", "details": {"cad": 44, "fields": ["reason_for_call", "address", "postcode", "what3words", "additional_details", "call_priority", "priority_source", "form_answers"]}}
{"time": "2026-02-26 22:55:34,123", "level": "INFO", "logger": "audit", "message": "job_details_update", "user": "jordan", "action": "job_details_update", "details": {"cad": 44, "fields": ["reason_for_call", "address", "postcode", "what3words", "additional_details", "call_priority", "priority_source", "form_answers"]}}
{"time": "2026-02-26 23:09:39,402", "level": "INFO", "logger": "audit", "message": "job_details_update", "user": "jordan", "action": "job_details_update", "details": {"cad": 44, "fields": ["reason_for_call", "address", "postcode", "what3words", "additional_details", "call_priority", "priority_source", "form_answers"]}}
{"time": "2026-02-26 23:39:57,401", "level": "INFO", "logger": "audit", "message": "assign_job", "user": "jordan", "action": "assign_job", "details": {"cad": 44, "to": ["PA554"], "missing": []}}
{"time": "2026-02-26 23:44:47,597", "level": "INFO", "logger": "audit", "message": "assign_job", "user": "jordan", "action": "assign_job", "details": {"cad": 44, "to": ["PA554"], "missing": []}}
{"time": "2026-02-26 23:45:38,222", "level": "INFO", "logger": "audit", "message": "assign_job", "user": "jordan", "action": "assign_job", "details": {"cad": 44, "to": ["PA554"], "missing": []}}
{"time": "2026-02-26 23:53:01,213", "level": "INFO", "logger": "audit", "message": "assign_job", "user": "jordan", "action": "assign_job", "details": {"cad": 44, "to": ["PA554"], "missing": []}}
{"time": "2026-02-27 00:07:50,794", "level": "INFO", "logger": "audit", "message": "assign_job", "user": "jordan", "action": "assign_job", "details": {"cad": 44, "to": ["PA554"], "missing": []}}
{"time": "2026-02-27 00:17:05,851", "level": "INFO", "logger": "audit", "message": "assign_job", "user": "jordan", "action": "assign_job", "details": {"cad": 44, "to": ["PA554"], "missing": []}}
{"time": "2026-02-27 00:24:40,966", "level": "INFO", "logger": "audit", "message": "assign_job", "user": "jordan", "action": "assign_job", "details": {"cad": 44, "to": ["PA554"], "missing": []}}
{"time": "2026-02-27 00:33:06,764", "level": "INFO", "logger": "audit", "message": "assign_job", "user": "jordan", "action": "assign_job", "details": {"cad": 44, "to": ["PA554"], "missing": []}}
{"time": "2026-02-27 00:46:49,767", "level": "INFO", "logger": "audit", "message": "triage_create", "user": "jordan", "action": "triage_create", "details": {"cad": 45}}
{"time": "2026-02-27 00:47:44,263", "level": "INFO", "logger": "audit", "message": "triage_create", "user": "jordan", "action": "triage_create", "details": {"cad": 46}}
{"time": "2026-02-27 00:48:26,225", "level": "INFO", "logger": "audit", "message": "assign_job", "user": "jordan", "action": "assign_job", "details": {"cad": 46, "to": ["PA554"], "missing": []}}
{"time": "2026-02-27 00:49:57,005", "level": "INFO", "logger": "audit", "message": "assign_job", "user": "jordan", "action": "assign_job", "details": {"cad": 45, "to": ["PA554"], "missing": []}}
{"time": "2026-02-27 00:53:12,050", "level": "INFO", "logger": "audit", "message": "assign_job", "user": "jordan", "action": "assign_job", "details": {"cad": 46, "to": ["PA554"], "missing": []}}
{"time": "2026-02-27 00:54:19,365", "level": "INFO", "logger": "audit", "message": "assign_job", "user": "jordan", "action": "assign_job", "details": {"cad": 46, "to": ["PA554"], "missing": []}}
{"time": "2026-02-27 00:59:30,559", "level": "INFO", "logger": "audit", "message": "assign_job", "user": "jordan", "action": "assign_job", "details": {"cad": 45, "to": ["PA554"], "missing": []}}
{"time": "2026-02-27 01:03:38,716", "level": "INFO", "logger": "audit", "message": "assign_job", "user": "jordan", "action": "assign_job", "details": {"cad": 45, "to": ["PA554"], "missing": []}}
{"time": "2026-02-27 01:08:19,733", "level": "INFO", "logger": "audit", "message": "assign_job", "user": "jordan", "action": "assign_job", "details": {"cad": 44, "to": ["PA554"], "missing": []}}
{"time": "2026-02-27 01:12:07,930", "level": "INFO", "logger": "audit", "message": "triage_create", "user": "jordan", "action": "triage_create", "details": {"cad": 47}}
{"time": "2026-02-27 01:12:18,652", "level": "INFO", "logger": "audit", "message": "job_details_update", "user": "jordan", "action": "job_details_update", "details": {"cad": 47, "fields": ["reason_for_call", "address", "postcode", "what3words", "additional_details", "call_priority", "priority_source", "form_answers"]}}
{"time": "2026-02-27 01:12:56,723", "level": "INFO", "logger": "audit", "message": "assign_job", "user": "jordan", "action": "assign_job", "details": {"cad": 44, "to": ["PA554"], "missing": []}}
{"time": "2026-02-27 01:14:03,152", "level": "INFO", "logger": "audit", "message": "assign_job", "user": "jordan", "action": "assign_job", "details": {"cad": 47, "to": ["PA554"], "missing": []}}
{"time": "2026-02-27 01:15:00,597", "level": "INFO", "logger": "audit", "message": "triage_create", "user": "jordan", "action": "triage_create", "details": {"cad": 48}}
{"time": "2026-02-27 01:15:52,716", "level": "INFO", "logger": "audit", "message": "assign_job", "user": "jordan", "action": "assign_job", "details": {"cad": 48, "to": ["PA554"], "missing": []}}
{"time": "2026-02-27 01:19:01,425", "level": "INFO", "logger": "audit", "message": "assign_job", "user": "jordan", "action": "assign_job", "details": {"cad": 47, "to": ["PA554"], "missing": []}}
{"time": "2026-02-27 01:25:57,662", "level": "INFO", "logger": "audit", "message": "assign_job", "user": "jordan", "action": "assign_job", "details": {"cad": 48, "to": ["PT123"], "missing": []}}
{"time": "2026-02-27 01:27:08,624", "level": "INFO", "logger": "audit", "message": "job_details_update", "user": "jordan", "action": "job_details_update", "details": {"cad": 48, "fields": ["reason_for_call", "address", "postcode", "what3words", "additional_details", "call_priority", "priority_source", "form_answers"]}}
{"time": "2026-02-27 01:27:59,580", "level": "INFO", "logger": "audit", "message": "assign_job", "user": "jordan", "action": "assign_job", "details": {"cad": 47, "to": ["PT123"], "missing": []}}
{"time": "2026-02-27 01:29:01,968", "level": "INFO", "logger": "audit", "message": "assign_job", "user": "jordan", "action": "assign_job", "details": {"cad": 48, "to": ["PT123"], "missing": []}}
{"time": "2026-02-27 01:31:49,210", "level": "INFO", "logger": "audit", "message": "assign_job", "user": "jordan", "action": "assign_job", "details": {"cad": 47, "to": ["PT123"], "missing": []}}
{"time": "2026-02-27 01:32:17,142", "level": "INFO", "logger": "audit", "message": "assign_job", "user": "jordan", "action": "assign_job", "details": {"cad": 48, "to": ["PT123"], "missing": []}}
{"time": "2026-02-27 01:32:31,883", "level": "INFO", "logger": "audit", "message": "assign_job", "user": "jordan", "action": "assign_job", "details": {"cad": 47, "to": ["PT123"], "missing": []}}
{"time": "2026-02-28 16:11:48,528", "level": "INFO", "logger": "audit", "message": "job_details_update", "user": "jordan", "action": "job_details_update", "details": {"cad": 48, "fields": ["reason_for_call", "address", "postcode", "what3words", "additional_details", "call_priority", "priority_source", "form_answers"]}}
{"time": "2026-03-01 23:00:35,623", "level": "INFO", "logger": "audit", "message": "inventory_item_create", "user": "f460c284-d87a-4eed-af60-eab8fec80962", "action": "inventory_item_create", "module": "inventory_control", "item_id": 1, "details": {"sku": "Cif-Cream-Cleaner", "name": "Cif Cream Cleaner", "description": "Cif Cream Cleaner Yellow Button.", "barcode": null, "category": null, "unit": "Unit", "reorder_point": 5, "reorder_quantity": 6, "standard_cost": 1.3, "cost_method": "AVG", "is_active": true}}
{"time": "2026-03-01 23:01:20,214", "level": "INFO", "logger": "audit", "message": "inventory_location_create", "user": "f460c284-d87a-4eed-af60-eab8fec80962", "action": "inventory_location_create", "module": "inventory_control", "location_id": 1, "details": {"code": "Office Store", "name": "Office Store", "type": "store", "parent_location_id": null, "address": "Unit 76, Basepoint Business Centre, Metcalf Way, RH11 7XX"}}
{"time": "2026-03-01 23:46:10,273", "level": "INFO", "logger": "audit", "message": "inventory_invoice_upload", "user": "f460c284-d87a-4eed-af60-eab8fec80962", "action": "inventory_invoice_upload", "module": "inventory_control", "details": {"invoice_id": 1}}
{"time": "2026-03-01 23:46:19,990", "level": "INFO", "logger": "audit", "message": "inventory_invoice_apply", "user": "f460c284-d87a-4eed-af60-eab8fec80962", "action": "inventory_invoice_apply", "module": "inventory_control", "details": {"invoice_id": 1, "applied": 0, "errors": []}}
{"time": "2026-03-08 20:22:11,369", "level": "INFO", "logger": "audit", "message": "triage_create", "user": "jordan", "action": "triage_create", "details": {"cad": 49}}
